<?xml version="1.0" encoding="UTF-8"?>
<!-- Generated by org.testng.reporters.JUnitXMLReporter -->
<testsuite hostname="k1k3" ignored="0" tests="2" failures="2" timestamp="2021-08-11T19:20:59 CST" time="161.313" errors="0">
  <testcase name="Test_Empty_Results" time="1.433" classname="TestSearch">
    <failure type="java.lang.AssertionError" message="Expecting 0 results, but got 4 expected [0] but found [4]">
      <![CDATA[java.lang.AssertionError: Expecting 0 results, but got 4 expected [0] but found [4]
at TestSearch.Test_Empty_Results(TestSearch.java:50)
at java.util.ArrayList.forEach(ArrayList.java:1257)
... Removed 35 stack frames]]>
    </failure>
  </testcase> <!-- Test_Empty_Results -->
  <testcase name="Validate_Search" time="0.094" classname="TestSearch">
    <failure type="java.lang.AssertionError" message="did not expect to find [true] but found [false]">
      <![CDATA[java.lang.AssertionError: did not expect to find [true] but found [false]
at TestSearch.Validate_Search(TestSearch.java:27)
at java.util.ArrayList.forEach(ArrayList.java:1257)
... Removed 35 stack frames]]>
    </failure>
  </testcase> <!-- Validate_Search -->
</testsuite>
