<?xml version="1.0" encoding="UTF-8"?>
<testng-results skipped="0" failed="2" ignored="0" total="5" passed="3">
  <reporter-output>
  </reporter-output>
  <suite name="Account Tests" duration-ms="207806" started-at="2021-08-11T19:17:31 CST" finished-at="2021-08-11T19:20:59 CST">
    <groups>
    </groups>
    <test name="Login Tests - Chrome" duration-ms="46422" started-at="2021-08-11T19:17:31 CST" finished-at="2021-08-11T19:18:17 CST">
      <class name="TestAccount">
        <test-method status="PASS" signature="beforeMethod(java.lang.String)[pri:0, instance:TestAccount@4215838f]" name="beforeMethod" is-config="true" duration-ms="24353" started-at="2021-08-11T19:17:31 CST" finished-at="2021-08-11T19:17:55 CST">
          <params>
            <param index="0">
              <value>
                <![CDATA[chrome]]>
              </value>
            </param>
          </params>
          <reporter-output>
          </reporter-output>
        </test-method> <!-- beforeMethod -->
        <test-method status="PASS" signature="Test_Create_New_Account()[pri:0, instance:TestAccount@4215838f]" name="Test_Create_New_Account" duration-ms="3887" started-at="2021-08-11T19:17:56 CST" finished-at="2021-08-11T19:18:00 CST">
          <reporter-output>
          </reporter-output>
        </test-method> <!-- Test_Create_New_Account -->
        <test-method status="PASS" signature="afterMethod()[pri:0, instance:TestAccount@4215838f]" name="afterMethod" is-config="true" duration-ms="1070" started-at="2021-08-11T19:18:00 CST" finished-at="2021-08-11T19:18:01 CST">
          <reporter-output>
          </reporter-output>
        </test-method> <!-- afterMethod -->
        <test-method status="PASS" signature="beforeMethod(java.lang.String)[pri:0, instance:TestAccount@4215838f]" name="beforeMethod" is-config="true" duration-ms="5589" started-at="2021-08-11T19:18:01 CST" finished-at="2021-08-11T19:18:07 CST">
          <params>
            <param index="0">
              <value>
                <![CDATA[chrome]]>
              </value>
            </param>
          </params>
          <reporter-output>
          </reporter-output>
        </test-method> <!-- beforeMethod -->
        <test-method status="PASS" signature="Test_Login_Successful()[pri:0, instance:TestAccount@4215838f]" name="Test_Login_Successful" duration-ms="2543" started-at="2021-08-11T19:18:07 CST" description="Test Login Success" finished-at="2021-08-11T19:18:09 CST">
          <reporter-output>
          </reporter-output>
        </test-method> <!-- Test_Login_Successful -->
        <test-method status="PASS" signature="afterMethod()[pri:0, instance:TestAccount@4215838f]" name="afterMethod" is-config="true" duration-ms="876" started-at="2021-08-11T19:18:09 CST" finished-at="2021-08-11T19:18:10 CST">
          <reporter-output>
          </reporter-output>
        </test-method> <!-- afterMethod -->
        <test-method status="PASS" signature="beforeMethod(java.lang.String)[pri:0, instance:TestAccount@4215838f]" name="beforeMethod" is-config="true" duration-ms="4790" started-at="2021-08-11T19:18:10 CST" finished-at="2021-08-11T19:18:15 CST">
          <params>
            <param index="0">
              <value>
                <![CDATA[chrome]]>
              </value>
            </param>
          </params>
          <reporter-output>
          </reporter-output>
        </test-method> <!-- beforeMethod -->
        <test-method status="PASS" signature="Test_Login_Unsuccessful()[pri:0, instance:TestAccount@4215838f]" name="Test_Login_Unsuccessful" duration-ms="1442" started-at="2021-08-11T19:18:15 CST" description="Test Login Not Success" finished-at="2021-08-11T19:18:16 CST">
          <reporter-output>
          </reporter-output>
        </test-method> <!-- Test_Login_Unsuccessful -->
        <test-method status="PASS" signature="afterMethod()[pri:0, instance:TestAccount@4215838f]" name="afterMethod" is-config="true" duration-ms="885" started-at="2021-08-11T19:18:16 CST" finished-at="2021-08-11T19:18:17 CST">
          <reporter-output>
          </reporter-output>
        </test-method> <!-- afterMethod -->
      </class> <!-- TestAccount -->
    </test> <!-- Login Tests - Chrome -->
    <test name="Search Tests - Firefox" duration-ms="161313" started-at="2021-08-11T19:18:17 CST" finished-at="2021-08-11T19:20:59 CST">
      <class name="TestSearch">
        <test-method status="PASS" signature="beforeMethod(java.lang.String)[pri:0, instance:TestSearch@7c22d4f]" name="beforeMethod" is-config="true" duration-ms="66305" started-at="2021-08-11T19:18:17 CST" finished-at="2021-08-11T19:19:24 CST">
          <params>
            <param index="0">
              <value>
                <![CDATA[firefox]]>
              </value>
            </param>
          </params>
          <reporter-output>
          </reporter-output>
        </test-method> <!-- beforeMethod -->
        <test-method status="FAIL" signature="Test_Empty_Results()[pri:0, instance:TestSearch@7c22d4f]" name="Test_Empty_Results" duration-ms="1433" started-at="2021-08-11T19:19:24 CST" finished-at="2021-08-11T19:19:25 CST">
          <exception class="java.lang.AssertionError">
            <message>
              <![CDATA[Expecting 0 results, but got 4 expected [0] but found [4]]]>
            </message>
            <full-stacktrace>
              <![CDATA[java.lang.AssertionError: Expecting 0 results, but got 4 expected [0] but found [4]
at org.testng.Assert.fail(Assert.java:97)
at org.testng.Assert.assertEqualsImpl(Assert.java:136)
at org.testng.Assert.assertEquals(Assert.java:118)
at org.testng.Assert.assertEquals(Assert.java:839)
at TestSearch.Test_Empty_Results(TestSearch.java:50)
at sun.reflect.NativeMethodAccessorImpl.invoke0(Native Method)
at sun.reflect.NativeMethodAccessorImpl.invoke(NativeMethodAccessorImpl.java:62)
at sun.reflect.DelegatingMethodAccessorImpl.invoke(DelegatingMethodAccessorImpl.java:43)
at java.lang.reflect.Method.invoke(Method.java:498)
at org.testng.internal.MethodInvocationHelper.invokeMethod(MethodInvocationHelper.java:133)
at org.testng.internal.TestInvoker.invokeMethod(TestInvoker.java:584)
at org.testng.internal.TestInvoker.invokeTestMethod(TestInvoker.java:172)
at org.testng.internal.MethodRunner.runInSequence(MethodRunner.java:46)
at org.testng.internal.TestInvoker$MethodInvocationAgent.invoke(TestInvoker.java:804)
at org.testng.internal.TestInvoker.invokeTestMethods(TestInvoker.java:145)
at org.testng.internal.TestMethodWorker.invokeTestMethods(TestMethodWorker.java:146)
at org.testng.internal.TestMethodWorker.run(TestMethodWorker.java:128)
at java.util.ArrayList.forEach(ArrayList.java:1257)
at org.testng.TestRunner.privateRun(TestRunner.java:770)
at org.testng.TestRunner.run(TestRunner.java:591)
at org.testng.SuiteRunner.runTest(SuiteRunner.java:402)
at org.testng.SuiteRunner.runSequentially(SuiteRunner.java:396)
at org.testng.SuiteRunner.privateRun(SuiteRunner.java:355)
at org.testng.SuiteRunner.run(SuiteRunner.java:304)
at org.testng.SuiteRunnerWorker.runSuite(SuiteRunnerWorker.java:53)
at org.testng.SuiteRunnerWorker.run(SuiteRunnerWorker.java:96)
at org.testng.TestNG.runSuitesSequentially(TestNG.java:1180)
at org.testng.TestNG.runSuitesLocally(TestNG.java:1102)
at org.testng.TestNG.runSuites(TestNG.java:1032)
at org.testng.TestNG.run(TestNG.java:1000)
at org.apache.maven.surefire.testng.TestNGExecutor.run(TestNGExecutor.java:283)
at org.apache.maven.surefire.testng.TestNGXmlTestSuite.execute(TestNGXmlTestSuite.java:75)
at org.apache.maven.surefire.testng.TestNGProvider.invoke(TestNGProvider.java:120)
at org.apache.maven.surefire.booter.ForkedBooter.invokeProviderInSameClassLoader(ForkedBooter.java:383)
at org.apache.maven.surefire.booter.ForkedBooter.runSuitesInProcess(ForkedBooter.java:344)
at org.apache.maven.surefire.booter.ForkedBooter.execute(ForkedBooter.java:125)
at org.apache.maven.surefire.booter.ForkedBooter.main(ForkedBooter.java:417)
]]>
            </full-stacktrace>
          </exception> <!-- java.lang.AssertionError -->
          <reporter-output>
          </reporter-output>
        </test-method> <!-- Test_Empty_Results -->
        <test-method status="PASS" signature="afterMethod()[pri:0, instance:TestSearch@7c22d4f]" name="afterMethod" is-config="true" duration-ms="9558" started-at="2021-08-11T19:19:25 CST" finished-at="2021-08-11T19:19:35 CST">
          <reporter-output>
          </reporter-output>
        </test-method> <!-- afterMethod -->
        <test-method status="PASS" signature="beforeMethod(java.lang.String)[pri:0, instance:TestSearch@7c22d4f]" name="beforeMethod" is-config="true" duration-ms="10742" started-at="2021-08-11T19:19:35 CST" finished-at="2021-08-11T19:19:45 CST">
          <params>
            <param index="0">
              <value>
                <![CDATA[firefox]]>
              </value>
            </param>
          </params>
          <reporter-output>
          </reporter-output>
        </test-method> <!-- beforeMethod -->
        <test-method status="FAIL" signature="Validate_Search(java.lang.String, java.lang.String)[pri:0, instance:TestSearch@7c22d4f]" name="Validate_Search" duration-ms="94" started-at="2021-08-11T19:19:45 CST" finished-at="2021-08-11T19:19:45 CST">
          <params>
            <param index="0">
              <value>
                <![CDATA[iphone]]>
              </value>
            </param>
            <param index="1">
              <value>
                <![CDATA[1]]>
              </value>
            </param>
          </params>
          <exception class="java.lang.AssertionError">
            <message>
              <![CDATA[did not expect to find [true] but found [false]]]>
            </message>
            <full-stacktrace>
              <![CDATA[java.lang.AssertionError: did not expect to find [true] but found [false]
at org.testng.Assert.fail(Assert.java:97)
at org.testng.Assert.failNotEquals(Assert.java:969)
at org.testng.Assert.assertTrue(Assert.java:43)
at org.testng.Assert.assertTrue(Assert.java:53)
at TestSearch.Validate_Search(TestSearch.java:27)
at sun.reflect.NativeMethodAccessorImpl.invoke0(Native Method)
at sun.reflect.NativeMethodAccessorImpl.invoke(NativeMethodAccessorImpl.java:62)
at sun.reflect.DelegatingMethodAccessorImpl.invoke(DelegatingMethodAccessorImpl.java:43)
at java.lang.reflect.Method.invoke(Method.java:498)
at org.testng.internal.MethodInvocationHelper.invokeMethod(MethodInvocationHelper.java:133)
at org.testng.internal.TestInvoker.invokeMethod(TestInvoker.java:584)
at org.testng.internal.TestInvoker.invokeTestMethod(TestInvoker.java:172)
at org.testng.internal.MethodRunner.runInSequence(MethodRunner.java:46)
at org.testng.internal.TestInvoker$MethodInvocationAgent.invoke(TestInvoker.java:804)
at org.testng.internal.TestInvoker.invokeTestMethods(TestInvoker.java:145)
at org.testng.internal.TestMethodWorker.invokeTestMethods(TestMethodWorker.java:146)
at org.testng.internal.TestMethodWorker.run(TestMethodWorker.java:128)
at java.util.ArrayList.forEach(ArrayList.java:1257)
at org.testng.TestRunner.privateRun(TestRunner.java:770)
at org.testng.TestRunner.run(TestRunner.java:591)
at org.testng.SuiteRunner.runTest(SuiteRunner.java:402)
at org.testng.SuiteRunner.runSequentially(SuiteRunner.java:396)
at org.testng.SuiteRunner.privateRun(SuiteRunner.java:355)
at org.testng.SuiteRunner.run(SuiteRunner.java:304)
at org.testng.SuiteRunnerWorker.runSuite(SuiteRunnerWorker.java:53)
at org.testng.SuiteRunnerWorker.run(SuiteRunnerWorker.java:96)
at org.testng.TestNG.runSuitesSequentially(TestNG.java:1180)
at org.testng.TestNG.runSuitesLocally(TestNG.java:1102)
at org.testng.TestNG.runSuites(TestNG.java:1032)
at org.testng.TestNG.run(TestNG.java:1000)
at org.apache.maven.surefire.testng.TestNGExecutor.run(TestNGExecutor.java:283)
at org.apache.maven.surefire.testng.TestNGXmlTestSuite.execute(TestNGXmlTestSuite.java:75)
at org.apache.maven.surefire.testng.TestNGProvider.invoke(TestNGProvider.java:120)
at org.apache.maven.surefire.booter.ForkedBooter.invokeProviderInSameClassLoader(ForkedBooter.java:383)
at org.apache.maven.surefire.booter.ForkedBooter.runSuitesInProcess(ForkedBooter.java:344)
at org.apache.maven.surefire.booter.ForkedBooter.execute(ForkedBooter.java:125)
at org.apache.maven.surefire.booter.ForkedBooter.main(ForkedBooter.java:417)
]]>
            </full-stacktrace>
          </exception> <!-- java.lang.AssertionError -->
          <reporter-output>
          </reporter-output>
        </test-method> <!-- Validate_Search -->
        <test-method status="PASS" signature="afterMethod()[pri:0, instance:TestSearch@7c22d4f]" name="afterMethod" is-config="true" duration-ms="73132" started-at="2021-08-11T19:19:45 CST" finished-at="2021-08-11T19:20:59 CST">
          <reporter-output>
          </reporter-output>
        </test-method> <!-- afterMethod -->
      </class> <!-- TestSearch -->
    </test> <!-- Search Tests - Firefox -->
  </suite> <!-- Account Tests -->
</testng-results>
